<testsuites id="" name="" tests="1" failures="0" skipped="0" errors="0" time="14.466112999999998">
<testsuite name="src\test\features\signup_login.feature.spec.js" timestamp="2026-01-16T07:44:26.296Z" hostname="chromium" tests="1" failures="0" skipped="0" time="9.589" errors="0">
<testcase name="automationexercise application user signup functionality › Register User with existing email › Example #1" classname="src\test\features\signup_login.feature.spec.js" time="9.589">
</testcase>
</testsuite>
</testsuites>